#
# There is insufficient memory for the Java Runtime Environment to continue.
# Native memory allocation (malloc) failed to allocate 287936 bytes for Chunk::new
# Possible reasons:
#   The system is out of physical RAM or swap space
#   In 32 bit mode, the process size limit was hit
# Possible solutions:
#   Reduce memory load on the system
#   Increase physical memory or swap space
#   Check if swap backing store is full
#   Use 64 bit Java on a 64 bit OS
#   Decrease Java heap size (-Xmx/-Xms)
#   Decrease number of Java threads
#   Decrease Java thread stack sizes (-Xss)
#   Set larger code cache with -XX:ReservedCodeCacheSize=
# This output file may be truncated or incomplete.
#
#  Out of Memory Error (allocation.cpp:390), pid=13000, tid=13456
#
# JRE version: Java(TM) SE Runtime Environment (8.0_65-b17) (build 1.8.0_65-b17)
# Java VM: Java HotSpot(TM) 64-Bit Server VM (25.65-b01 mixed mode windows-amd64 compressed oops)
# Failed to write core dump. Minidumps are not enabled by default on client versions of Windows
#

---------------  T H R E A D  ---------------

Current thread (0x0000000015363800):  JavaThread "C2 CompilerThread1" daemon [_thread_in_native, id=13456, stack(0x0000000016a90000,0x0000000016b90000)]

Stack: [0x0000000016a90000,0x0000000016b90000]
[error occurred during error reporting (printing stack bounds), id 0xc0000005]

Native frames: (J=compiled Java code, j=interpreted, Vv=VM code, C=native code)


Current CompileTask:
C2:   1285  770  s!   4       sun.misc.URLClassPath::getLoader (197 bytes)


---------------  P R O C E S S  ---------------

Java Threads: ( => current thread )
  0x0000000017690800 JavaThread "Abandoned connection cleanup thread" daemon [_thread_blocked, id=13240, stack(0x00000000191f0000,0x00000000192f0000)]
  0x0000000017587800 JavaThread "AWT-EventQueue-0" [_thread_blocked, id=14940, stack(0x00000000180a0000,0x00000000181a0000)]
  0x0000000017509000 JavaThread "AWT-Windows" daemon [_thread_in_native, id=13220, stack(0x0000000017fa0000,0x00000000180a0000)]
  0x0000000017506800 JavaThread "AWT-Shutdown" [_thread_blocked, id=6616, stack(0x0000000017ea0000,0x0000000017fa0000)]
  0x0000000017502800 JavaThread "Java2D Disposer" daemon [_thread_blocked, id=15320, stack(0x0000000017da0000,0x0000000017ea0000)]
  0x0000000016d84800 JavaThread "Monitor Ctrl-Break" daemon [_thread_in_native, id=12464, stack(0x0000000017290000,0x0000000017390000)]
  0x0000000016ccc800 JavaThread "Service Thread" daemon [_thread_blocked, id=1036, stack(0x0000000017090000,0x0000000017190000)]
  0x000000001536c000 JavaThread "C1 CompilerThread2" daemon [_thread_blocked, id=12868, stack(0x0000000016b90000,0x0000000016c90000)]
=>0x0000000015363800 JavaThread "C2 CompilerThread1" daemon [_thread_in_native, id=13456, stack(0x0000000016a90000,0x0000000016b90000)]
  0x000000001535f000 JavaThread "C2 CompilerThread0" daemon [_thread_in_native, id=7032, stack(0x0000000016990000,0x0000000016a90000)]
  0x000000001535d800 JavaThread "Attach Listener" daemon [_thread_blocked, id=8200, stack(0x0000000016890000,0x0000000016990000)]
  0x000000001535c000 JavaThread "Signal Dispatcher" daemon [_thread_blocked, id=8236, stack(0x0000000016790000,0x0000000016890000)]
  0x0000000002d48000 JavaThread "Finalizer" daemon [_thread_blocked, id=4224, stack(0x00000000165b0000,0x00000000166b0000)]
  0x0000000015329000 JavaThread "Reference Handler" daemon [_thread_blocked, id=9916, stack(0x00000000164b0000,0x00000000165b0000)]
  0x0000000002b4e000 JavaThread "main" [_thread_in_native, id=13824, stack(0x0000000002b50000,0x0000000002c50000)]

Other Threads:
  0x0000000015327800 VMThread [stack: 0x00000000163b0000,0x00000000164b0000] [id=13192]
  0x0000000016ce8800 WatcherThread [stack: 0x0000000017190000,0x0000000017290000] [id=15532]

VM state:not at safepoint (normal execution)

VM Mutex/Monitor currently owned by a thread: None

Heap:
 PSYoungGen      total 18944K, used 13959K [0x00000000eb180000, 0x00000000ec680000, 0x0000000100000000)
  eden space 16384K, 85% used [0x00000000eb180000,0x00000000ebf21d50,0x00000000ec180000)
  from space 2560K, 0% used [0x00000000ec400000,0x00000000ec400000,0x00000000ec680000)
  to   space 2560K, 0% used [0x00000000ec180000,0x00000000ec180000,0x00000000ec400000)
 ParOldGen       total 44032K, used 0K [0x00000000c1400000, 0x00000000c3f00000, 0x00000000eb180000)
  object space 44032K, 0% used [0x00000000c1400000,0x00000000c1400000,0x00000000c3f00000)
 Metaspace       used 13823K, capacity 14036K, committed 14336K, reserved 1062912K
  class space    used 1628K, capacity 1700K, committed 1792K, reserved 1048576K

Card table byte_map: [0x0000000012110000,0x0000000012310000] byte_map_base: 0x0000000011b06000

Marking Bits: (ParMarkBitMap*) 0x00000000647ea5b0
 Begin Bits: [0x0000000012860000, 0x0000000013810000)
 End Bits:   [0x0000000013810000, 0x00000000147c0000)

Polling page: 0x0000000001250000

CodeCache: size=245760Kb used=2857Kb max_used=2857Kb free=242902Kb
 bounds [0x0000000002d50000, 0x0000000003020000, 0x0000000011d50000]
 total_blobs=1315 nmethods=773 adapters=455
 compilation: enabled

Compilation events (10 events):
Event: 1.263 Thread 0x0000000015363800  770  s!   4       sun.misc.URLClassPath::getLoader (197 bytes)
Event: 1.263 Thread 0x000000001535f000  771  s    4       sun.misc.URLClassPath::getNextLoader (88 bytes)
Event: 1.268 Thread 0x000000001536c000  772       3       java.util.zip.ZipCoder::getBytes (192 bytes)
Event: 1.271 Thread 0x000000001536c000 nmethod 772 0x0000000003017290 code [0x0000000003017640, 0x0000000003019978]
Event: 1.276 Thread 0x000000001536c000  773       1       java.util.EventObject::getSource (5 bytes)
Event: 1.276 Thread 0x000000001536c000 nmethod 773 0x000000000301b1d0 code [0x000000000301b320, 0x000000000301b430]
Event: 1.276 Thread 0x000000001536c000  774       3       java.util.concurrent.locks.AbstractOwnableSynchronizer::setExclusiveOwnerThread (6 bytes)
Event: 1.276 Thread 0x000000001536c000 nmethod 774 0x000000000301b490 code [0x000000000301b5e0, 0x000000000301b750]
Event: 1.279 Thread 0x000000001536c000  775       1       java.awt.Container::getLayout (5 bytes)
Event: 1.279 Thread 0x000000001536c000 nmethod 775 0x000000000301b7d0 code [0x000000000301b920, 0x000000000301ba30]

GC Heap History (0 events):
No events

Deoptimization events (3 events):
Event: 1.115 Thread 0x0000000002b4e000 Uncommon trap: reason=unstable_if action=reinterpret pc=0x0000000002fab1a4 method=java.util.Properties.loadConvert([CII[C)Ljava/lang/String; @ 4
Event: 1.116 Thread 0x0000000002b4e000 Uncommon trap: reason=unstable_if action=reinterpret pc=0x0000000002fb66e4 method=java.util.Properties$LineReader.readLine()I @ 252
Event: 1.122 Thread 0x0000000002b4e000 Uncommon trap: reason=unstable_if action=reinterpret pc=0x0000000002f95484 method=java.lang.String.indexOf([CII[CIII)I @ 3

Internal exceptions (10 events):
Event: 0.069 Thread 0x0000000002b4e000 Exception <a 'java/lang/NoSuchMethodError': Method sun.misc.Unsafe.defineClass(Ljava/lang/String;[BII)Ljava/lang/Class; name or signature does not match> (0x00000000eb18e3a8) thrown at [C:\workspace\8-2-build-windows-amd64-cygwin\jdk8u65\4987\hotspot\src\sVi•Šl›±?
Event: 0.069 Thread 0x0000000002b4e000 Exception <a 'java/lang/NoSuchMethodError': Method sun.misc.Unsafe.prefetchRead(Ljava/lang/Object;J)V name or signature does not match> (0x00000000eb18e690) thrown at [C:\workspace\8-2-build-windows-amd64-cygwin\jdk8u65\4987\hotspot\src\share\vm\prims\jni.2}“yÏÎ?
Event: 0.241 Thread 0x0000000002b4e000 Exception <a 'java/security/PrivilegedActionException'> (0x00000000eb3729c8) thrown at [C:\workspace\8-2-build-windows-amd64-cygwin\jdk8u65\4987\hotspot\src\share\vm\prims\jvm.cpp, line 1386]
Event: 0.241 Thread 0x0000000002b4e000 Exception <a 'java/security/PrivilegedActionException'> (0x00000000eb372bd8) thrown at [C:\workspace\8-2-build-windows-amd64-cygwin\jdk8u65\4987\hotspot\src\share\vm\prims\jvm.cpp, line 1386]
Event: 0.242 Thread 0x0000000002b4e000 Exception <a 'java/security/PrivilegedActionException'> (0x00000000eb376a20) thrown at [C:\workspace\8-2-build-windows-amd64-cygwin\jdk8u65\4987\hotspot\src\share\vm\prims\jvm.cpp, line 1386]
Event: 0.242 Thread 0x0000000002b4e000 Exception <a 'java/security/PrivilegedActionException'> (0x00000000eb376c30) thrown at [C:\workspace\8-2-build-windows-amd64-cygwin\jdk8u65\4987\hotspot\src\share\vm\prims\jvm.cpp, line 1386]
Event: 0.247 Thread 0x0000000002b4e000 Exception <a 'java/io/FileNotFoundException'> (0x00000000eb378f00) thrown at [C:\workspace\8-2-build-windows-amd64-cygwin\jdk8u65\4987\hotspot\src\share\vm\prims\jni.cpp, line 709]
Event: 0.302 Thread 0x0000000002b4e000 Exception <a 'java/lang/NoSuchFieldError': method resolution failed> (0x00000000eb446ab8) thrown at [C:\workspace\8-2-build-windows-amd64-cygwin\jdk8u65\4987\hotspot\src\share\vm\prims\methodHandles.cpp, line 1146]
Event: 0.306 Thread 0x0000000002b4e000 Exception <a 'java/lang/NoSuchFieldError': method resolution failed> (0x00000000eb453e88) thrown at [C:\workspace\8-2-build-windows-amd64-cygwin\jdk8u65\4987\hotspot\src\share\vm\prims\methodHandles.cpp, line 1146]
Event: 0.362 Thread 0x0000000002b4e000 Exception <a 'java/io/FileNotFoundException'> (0x00000000eb4eeed8) thrown at [C:\workspace\8-2-build-windows-amd64-cygwin\jdk8u65\4987\hotspot\src\share\vm\prims\jni.cpp, line 709]

Events (10 events):
Event: 1.278 loading class java/awt/Toolkit$SelectiveAWTEventListener
Event: 1.278 loading class java/awt/Toolkit$SelectiveAWTEventListener done
Event: 1.278 loading class java/awt/Toolkit$ToolkitEventMulticaster
Event: 1.278 loading class java/awt/Toolkit$ToolkitEventMulticaster done
Event: 1.278 loading class java/awt/AWTEvent$2
Event: 1.278 loading class java/awt/AWTEvent$2 done
Event: 1.278 loading class sun/reflect/UnsafeBooleanFieldAccessorImpl
Event: 1.278 loading class sun/reflect/UnsafeBooleanFieldAccessorImpl done
Event: 1.282 loading class java/io/StringReader
Event: 1.282 loading class java/io/StringReader done


Dynamic libraries:
0x00007ff6270b0000 - 0x00007ff6270e7000 	C:\Program Files\Java\jdk1.8.0_65\bin\java.exe
0x00007ffd8f7e0000 - 0x00007ffd8f9a1000 	C:\WINDOWS\SYSTEM32\ntdll.dll
0x00007ffd8d000000 - 0x00007ffd8d0ad000 	C:\WINDOWS\system32\KERNEL32.DLL
0x00007ffd8ccd0000 - 0x00007ffd8cead000 	C:\WINDOWS\system32\KERNELBASE.dll
0x00007ffd8d650000 - 0x00007ffd8d6f6000 	C:\WINDOWS\system32\ADVAPI32.dll
0x00007ffd8ceb0000 - 0x00007ffd8cf4d000 	C:\WINDOWS\system32\msvcrt.dll
0x00007ffd8db10000 - 0x00007ffd8db6b000 	C:\WINDOWS\system32\sechost.dll
0x00007ffd8f540000 - 0x00007ffd8f666000 	C:\WINDOWS\system32\RPCRT4.dll
0x00007ffd8f690000 - 0x00007ffd8f7de000 	C:\WINDOWS\system32\USER32.dll
0x00007ffd8d700000 - 0x00007ffd8d886000 	C:\WINDOWS\system32\GDI32.dll
0x00007ffd88810000 - 0x00007ffd88a84000 	C:\WINDOWS\WinSxS\amd64_microsoft.windows.common-controls_6595b64144ccf1df_6.0.10240.16384_none_f41f7b285750ef43\COMCTL32.dll
0x00007ffd8cfc0000 - 0x00007ffd8cff6000 	C:\WINDOWS\system32\IMM32.DLL
0x00007ffd8dcc0000 - 0x00007ffd8de1c000 	C:\WINDOWS\system32\MSCTF.dll
0x0000000064df0000 - 0x0000000064ec2000 	C:\Program Files\Java\jdk1.8.0_65\jre\bin\msvcr100.dll
0x0000000063fe0000 - 0x0000000064869000 	C:\Program Files\Java\jdk1.8.0_65\jre\bin\server\jvm.dll
0x00007ffd8de20000 - 0x00007ffd8de28000 	C:\WINDOWS\system32\PSAPI.DLL
0x00007ffd802b0000 - 0x00007ffd802b9000 	C:\WINDOWS\SYSTEM32\WSOCK32.dll
0x00007ffd8d890000 - 0x00007ffd8d8f9000 	C:\WINDOWS\system32\WS2_32.dll
0x00007ffd8d2e0000 - 0x00007ffd8d2e8000 	C:\WINDOWS\system32\NSI.dll
0x00007ffd89f90000 - 0x00007ffd89f9a000 	C:\WINDOWS\SYSTEM32\VERSION.dll
0x00007ffd8a2f0000 - 0x00007ffd8a313000 	C:\WINDOWS\SYSTEM32\WINMM.dll
0x00007ffd8a290000 - 0x00007ffd8a2bc000 	C:\WINDOWS\SYSTEM32\WINMMBASE.dll
0x00007ffd8cbc0000 - 0x00007ffd8cc04000 	C:\WINDOWS\system32\cfgmgr32.dll
0x00007ffd8ab80000 - 0x00007ffd8aba7000 	C:\WINDOWS\SYSTEM32\DEVOBJ.dll
0x0000000066530000 - 0x000000006653f000 	C:\Program Files\Java\jdk1.8.0_65\jre\bin\verify.dll
0x0000000065220000 - 0x0000000065249000 	C:\Program Files\Java\jdk1.8.0_65\jre\bin\java.dll
0x0000000065200000 - 0x0000000065216000 	C:\Program Files\Java\jdk1.8.0_65\jre\bin\zip.dll
0x00007ffd8e010000 - 0x00007ffd8f532000 	C:\WINDOWS\system32\SHELL32.dll
0x00007ffd8c590000 - 0x00007ffd8cbb9000 	C:\WINDOWS\system32\windows.storage.dll
0x00007ffd8d2f0000 - 0x00007ffd8d56c000 	C:\WINDOWS\system32\combase.dll
0x00007ffd8d280000 - 0x00007ffd8d2d1000 	C:\WINDOWS\system32\shlwapi.dll
0x00007ffd8c250000 - 0x00007ffd8c25f000 	C:\WINDOWS\system32\kernel.appcore.dll
0x00007ffd8cc10000 - 0x00007ffd8ccc3000 	C:\WINDOWS\system32\shcore.dll
0x00007ffd8c260000 - 0x00007ffd8c2aa000 	C:\WINDOWS\system32\powrprof.dll
0x00007ffd8c230000 - 0x00007ffd8c243000 	C:\WINDOWS\system32\profapi.dll
0x00007ffd84d80000 - 0x00007ffd84d90000 	C:\Program Files (x86)\JetBrains\IntelliJ IDEA 2016.1.3\bin\breakgen64.dll
0x00000000651e0000 - 0x00000000651fa000 	C:\Program Files\Java\jdk1.8.0_65\jre\bin\net.dll
0x00007ffd8ba80000 - 0x00007ffd8badd000 	C:\WINDOWS\system32\mswsock.dll
0x0000000065020000 - 0x00000000651b8000 	C:\Program Files\Java\jdk1.8.0_65\jre\bin\awt.dll
0x00007ffd8d110000 - 0x00007ffd8d1ce000 	C:\WINDOWS\system32\OLEAUT32.dll
0x00007ffd8a940000 - 0x00007ffd8a9b8000 	C:\WINDOWS\system32\apphelp.dll
0x00007ffd898a0000 - 0x00007ffd898c2000 	C:\WINDOWS\system32\DWMAPI.DLL
0x00007ffd8aae0000 - 0x00007ffd8ab76000 	C:\WINDOWS\system32\uxtheme.dll
0x00007ffd82ce0000 - 0x00007ffd82d82000 	C:\Program Files\Common Files\microsoft shared\ink\tiptsf.dll
0x00007ffd8db70000 - 0x00007ffd8dcb1000 	C:\WINDOWS\system32\ole32.dll
0x00007ffd8c060000 - 0x00007ffd8c0cb000 	C:\WINDOWS\SYSTEM32\bcryptPrimitives.dll
0x0000000064fd0000 - 0x0000000065017000 	C:\Program Files\Java\jdk1.8.0_65\jre\bin\fontmanager.dll
0x00007ffd8d1d0000 - 0x00007ffd8d275000 	C:\WINDOWS\system32\clbcatq.dll
0x00007ffd843c0000 - 0x00007ffd84572000 	C:\WINDOWS\SYSTEM32\WindowsCodecs.dll
0x00007ffd8bd50000 - 0x00007ffd8bd78000 	C:\WINDOWS\SYSTEM32\bcrypt.dll
0x00007ffd8bae0000 - 0x00007ffd8baf7000 	C:\WINDOWS\SYSTEM32\cryptsp.dll
0x00007ffd8b510000 - 0x00007ffd8b543000 	C:\WINDOWS\system32\rsaenh.dll
0x00007ffd8bc50000 - 0x00007ffd8bc5b000 	C:\WINDOWS\SYSTEM32\CRYPTBASE.dll
0x00007ffd80460000 - 0x00007ffd804a6000 	C:\WINDOWS\system32\dataexchange.dll
0x00007ffd895f0000 - 0x00007ffd89893000 	C:\WINDOWS\system32\d3d11.dll
0x00007ffd82ec0000 - 0x00007ffd83405000 	C:\WINDOWS\system32\d2d1.dll
0x00007ffd8a440000 - 0x00007ffd8a511000 	C:\WINDOWS\system32\dcomp.dll
0x00007ffd89550000 - 0x00007ffd895ec000 	C:\WINDOWS\system32\dxgi.dll
0x00007ffd8abb0000 - 0x00007ffd8ac9e000 	C:\WINDOWS\system32\twinapi.appcore.dll
0x00007ffd8b910000 - 0x00007ffd8b92f000 	C:\WINDOWS\system32\USERENV.dll
0x00000000651c0000 - 0x00000000651d1000 	C:\Program Files\Java\jdk1.8.0_65\jre\bin\nio.dll
0x0000000064f40000 - 0x0000000064f82000 	C:\Program Files\Java\jdk1.8.0_65\jre\bin\t2k.dll
0x00007ffd80b30000 - 0x00007ffd80c7c000 	C:\Windows\System32\uiautomationcore.dll
0x00007ffd8c0d0000 - 0x00007ffd8c168000 	C:\WINDOWS\SYSTEM32\sxs.dll
0x00007ffd87370000 - 0x00007ffd873d9000 	C:\Windows\System32\OLEACC.dll
0x00007ffd845e0000 - 0x00007ffd8469a000 	C:\WINDOWS\SYSTEM32\twinapi.dll

VM Arguments:
jvm_args: -Didea.launcher.port=7606 -Didea.launcher.bin.path=C:\Program Files (x86)\JetBrains\IntelliJ IDEA 2016.1.3\bin -Dfile.encoding=UTF-8 
java_command: com.intellij.rt.execution.application.AppMain test.com.LoginSignUp
java_class_path (initial): C:\Program Files\Java\jdk1.8.0_65\jre\lib\charsets.jar;C:\Program Files\Java\jdk1.8.0_65\jre\lib\deploy.jar;C:\Program Files\Java\jdk1.8.0_65\jre\lib\ext\access-bridge-64.jar;C:\Program Files\Java\jdk1.8.0_65\jre\lib\ext\cldrdata.jar;C:\Program Files\Java\jdk1.8.0_65\jre\lib\ext\dnsns.jar;C:\Program Files\Java\jdk1.8.0_65\jre\lib\ext\jaccess.jar;C:\Program Files\Java\jdk1.8.0_65\jre\lib\ext\jfxrt.jar;C:\Program Files\Java\jdk1.8.0_65\jre\lib\ext\localedata.jar;C:\Program Files\Java\jdk1.8.0_65\jre\lib\ext\nashorn.jar;C:\Program Files\Java\jdk1.8.0_65\jre\lib\ext\sunec.jar;C:\Program Files\Java\jdk1.8.0_65\jre\lib\ext\sunjce_provider.jar;C:\Program Files\Java\jdk1.8.0_65\jre\lib\ext\sunmscapi.jar;C:\Program Files\Java\jdk1.8.0_65\jre\lib\ext\sunpkcs11.jar;C:\Program Files\Java\jdk1.8.0_65\jre\lib\ext\zipfs.jar;C:\Program Files\Java\jdk1.8.0_65\jre\lib\javaws.jar;C:\Program Files\Java\jdk1.8.0_65\jre\lib\jce.jar;C:\Program Files\Java\jdk1.8.0_65\jre\lib\jfr.jar;C:\Program Files\Java\jdk1.8.0_65\jre\lib\jfxswt.jar;C:\Program Files\Java\jdk1.8.0_65\jre\lib\jsse.jar;C:\Program Files\Java\jdk1.8.0_65\jre\lib\management-agent.jar;C:\Program Files\Java\jdk1.8.0_65\jre\lib\plugin.jar;C:\Program Files\Java\jdk1.8.0_65\jre\lib\resources.jar;C:\Program Files\Java\jdk1.8.0_65\jre\lib\rt.jar;C:\Users\Nilesh Verma\IdeaProjects\HitInventory\out\production\HitInventory;C:\Users\Nilesh Verma\IdeaProjects\HitInventory\lib\jgoodies-forms.jar;C:\Users\Nilesh Verma\IdeaProjects\HitInventory\lib\jgoodies-common.jar;C:\Users\Nilesh Verma\IdeaProjects\HitInventory\lib\swing-layout.jar;C:\Users\Nilesh Verma\Desktop\mysql-connector-java-5.1.39\mysql-connector-java-5.1.39-bin.jar;C:\Program Files (x86)\JetBrains\IntelliJ IDEA 2016.1.3\lib\idea_rt.jar
Launcher Type: SUN_STANDARD

Environment Variables:
JAVA_HOME=C:\Program Files\Java\jdk1.8.0_65
PATH=C:\ProgramData\Oracle\Java\javapath;C:\Program Files (x86)\NVIDIA Corporation\PhysX\Common;C:\Program Files (x86)\Intel\iCLS Client\;C:\Program Files\Intel\iCLS Client\;C:\WINDOWS\system32;C:\WINDOWS;C:\WINDOWS\System32\Wbem;C:\WINDOWS\System32\WindowsPowerShell\v1.0\;C:\Program Files\Intel\Intel(R) Management Engine Components\DAL;C:\Program Files\Intel\Intel(R) Management Engine Components\IPT;C:\Program Files (x86)\Intel\Intel(R) Management Engine Components\DAL;C:\Program Files (x86)\Intel\Intel(R) Management Engine Components\IPT;C:\Program Files (x86)\Common Files\lenovo\easyplussdk\bin;C:\Program Files\Git\cmd;C:\Program Files (x86)\MySQL\MySQL Fabric 1.5 & MySQL Utilities 1.5\;C:\Program Files (x86)\MySQL\MySQL Fabric 1.5 & MySQL Utilities 1.5\Doctrine extensions for PHP\
USERNAME=Nilesh Verma
OS=Windows_NT
PROCESSOR_IDENTIFIER=Intel64 Family 6 Model 69 Stepping 1, GenuineIntel



---------------  S Y S T E M  ---------------

OS: Windows 10.0 , 64 bit Build 10240 (10.0.10240.16384)

CPU:total 4 (2 cores per cpu, 2 threads per core) family 6 model 69 stepping 1, cmov, cx8, fxsr, mmx, sse, sse2, sse3, ssse3, sse4.1, sse4.2, popcnt, avx, avx2, aes, clmul, erms, lzcnt, ht, tsc, tscinvbit, bmi1, bmi2

Memory: 4k page, physical 4104472k(360772k free), swap 16687384k(4192k free)

vm_info: Java HotSpot(TM) 64-Bit Server VM (25.65-b01) for windows-amd64 JRE (1.8.0_65-b17), built on Oct  6 2015 16:39:20 by "java_re" with MS VC++ 10.0 (VS2010)

time: Sun Jun 19 04:20:56 2016
elapsed time: 1 seconds (0d 0h 0m 1s)

